[debug] [2020-04-25T03:48:46.553Z] ----------------------------------------------------------------------
[debug] [2020-04-25T03:48:46.558Z] Command:       /usr/local/bin/node /usr/local/bin/firebase deploy
[debug] [2020-04-25T03:48:46.558Z] CLI Version:   8.1.1
[debug] [2020-04-25T03:48:46.558Z] Platform:      darwin
[debug] [2020-04-25T03:48:46.559Z] Node Version:  v13.13.0
[debug] [2020-04-25T03:48:46.561Z] Time:          Fri Apr 24 2020 20:48:46 GMT-0700 (Mountain Standard Time)
[debug] [2020-04-25T03:48:46.561Z] ----------------------------------------------------------------------
[debug] [2020-04-25T03:48:46.562Z] 
[debug] [2020-04-25T03:48:46.579Z] > command requires scopes: ["email","openid","https://www.googleapis.com/auth/cloudplatformprojects.readonly","https://www.googleapis.com/auth/firebase","https://www.googleapis.com/auth/cloud-platform"]
[debug] [2020-04-25T03:48:46.580Z] > authorizing via signed-in user
[debug] [2020-04-25T03:48:46.581Z] [iam] checking project invaders-eat-sleep-code-com for permissions ["firebase.projects.get","firebasehosting.sites.update"]
[debug] [2020-04-25T03:48:46.586Z] >>> HTTP REQUEST POST https://cloudresourcemanager.googleapis.com/v1/projects/invaders-eat-sleep-code-com:testIamPermissions  
 {"permissions":["firebase.projects.get","firebasehosting.sites.update"]}
[debug] [2020-04-25T03:48:47.040Z] <<< HTTP RESPONSE 200 {"content-type":"application/json; charset=UTF-8","vary":"X-Origin, Referer, Origin,Accept-Encoding","date":"Sat, 25 Apr 2020 03:48:47 GMT","server":"ESF","cache-control":"private","x-xss-protection":"0","x-frame-options":"SAMEORIGIN","x-content-type-options":"nosniff","server-timing":"gfet4t7; dur=209","alt-svc":"quic=\":443\"; ma=2592000; v=\"46,43\",h3-Q050=\":443\"; ma=2592000,h3-Q049=\":443\"; ma=2592000,h3-Q048=\":443\"; ma=2592000,h3-Q046=\":443\"; ma=2592000,h3-Q043=\":443\"; ma=2592000,h3-T050=\":443\"; ma=2592000","accept-ranges":"none","transfer-encoding":"chunked"}
[debug] [2020-04-25T03:48:47.043Z] >>> HTTP REQUEST GET https://firebase.googleapis.com/v1beta1/projects/invaders-eat-sleep-code-com  
 
[debug] [2020-04-25T03:48:47.353Z] <<< HTTP RESPONSE 200 {"content-type":"application/json; charset=UTF-8","vary":"X-Origin, Referer, Origin,Accept-Encoding","date":"Sat, 25 Apr 2020 03:48:47 GMT","server":"ESF","cache-control":"private","x-xss-protection":"0","x-frame-options":"SAMEORIGIN","x-content-type-options":"nosniff","alt-svc":"quic=\":443\"; ma=2592000; v=\"46,43\",h3-Q050=\":443\"; ma=2592000,h3-Q049=\":443\"; ma=2592000,h3-Q048=\":443\"; ma=2592000,h3-Q046=\":443\"; ma=2592000,h3-Q043=\":443\"; ma=2592000,h3-T050=\":443\"; ma=2592000","accept-ranges":"none","transfer-encoding":"chunked"}
[info] 
[info] === Deploying to 'invaders-eat-sleep-code-com'...
[info] 
[info] i  deploying hosting
[debug] [2020-04-25T03:48:47.370Z] >>> HTTP REQUEST POST https://firebasehosting.googleapis.com/v1beta1/sites/invaders-eat-sleep-code-com/versions  
 {"config":{"rewrites":[{"glob":"**","path":"/index.html"}],"headers":[{"glob":"**","headers":{"X-Frame-Options":"sameorigin","X-XSS-Protection":"1; mode=block","X-Content-Type-Options":"nosniff","Content-Security-Policy":"default-src 'none'; script-src 'self' cdnjs.cloudflare.com www.googletagmanager.com www.google-analytics.com; style-src 'self'; img-src 'self' www.google-analytics.com; font-src 'none'; object-src 'none'; connect-src 'self' www.google-analytics.com; frame-ancestors 'none'; base-uri 'self';","Referrer-Policy":"no-referrer-when-downgrade","Feature-Policy":"camera 'none'; magnetometer 'none'; microphone 'none'; usb 'none'"}}]},"labels":{"deployment-tool":"cli-firebase"}}
[debug] [2020-04-25T03:48:48.114Z] <<< HTTP RESPONSE 200 {"content-type":"application/json; charset=UTF-8","vary":"X-Origin, Referer, Origin,Accept-Encoding","date":"Sat, 25 Apr 2020 03:48:48 GMT","server":"ESF","cache-control":"private","x-xss-protection":"0","x-frame-options":"SAMEORIGIN","x-content-type-options":"nosniff","alt-svc":"quic=\":443\"; ma=2592000; v=\"46,43\",h3-Q050=\":443\"; ma=2592000,h3-Q049=\":443\"; ma=2592000,h3-Q048=\":443\"; ma=2592000,h3-Q046=\":443\"; ma=2592000,h3-Q043=\":443\"; ma=2592000,h3-T050=\":443\"; ma=2592000","accept-ranges":"none","transfer-encoding":"chunked"}
[info] i  hosting[invaders-eat-sleep-code-com]: beginning deploy...
[info] i  hosting[invaders-eat-sleep-code-com]: found 8 files in dist
[debug] [2020-04-25T03:48:48.156Z] [hosting] hash cache [ZGlzdA] stored for 8 files
[debug] [2020-04-25T03:48:48.156Z] [hosting][hash queue][FINAL] {"max":14,"min":1,"avg":2.625,"active":0,"complete":8,"success":8,"errored":0,"retried":0,"total":8,"elapsed":20}
[debug] [2020-04-25T03:48:48.157Z] >>> HTTP REQUEST POST https://firebasehosting.googleapis.com/v1beta1/sites/invaders-eat-sleep-code-com/versions/d0db1e0bb8bf7b31:populateFiles  
 <request body omitted>
[debug] [2020-04-25T03:48:48.688Z] <<< HTTP RESPONSE 200 {"content-type":"application/json; charset=UTF-8","vary":"X-Origin, Referer, Origin,Accept-Encoding","date":"Sat, 25 Apr 2020 03:48:48 GMT","server":"ESF","cache-control":"private","x-xss-protection":"0","x-frame-options":"SAMEORIGIN","x-content-type-options":"nosniff","alt-svc":"quic=\":443\"; ma=2592000; v=\"46,43\",h3-Q050=\":443\"; ma=2592000,h3-Q049=\":443\"; ma=2592000,h3-Q048=\":443\"; ma=2592000,h3-Q046=\":443\"; ma=2592000,h3-Q043=\":443\"; ma=2592000,h3-T050=\":443\"; ma=2592000","accept-ranges":"none","transfer-encoding":"chunked"}
[debug] [2020-04-25T03:48:48.691Z] [hosting][populate queue][FINAL] {"max":537,"min":537,"avg":537,"active":0,"complete":1,"success":1,"errored":0,"retried":0,"total":1,"elapsed":538}
[debug] [2020-04-25T03:48:48.692Z] [hosting] uploads queued: 1
[debug] [2020-04-25T03:48:49.859Z] [hosting][upload queue][FINAL] {"max":1169,"min":1169,"avg":1169,"active":0,"complete":1,"success":1,"errored":0,"retried":0,"total":1,"elapsed":1170}
[info] ✔  hosting[invaders-eat-sleep-code-com]: file upload complete
[debug] [2020-04-25T03:48:49.860Z] [hosting] deploy completed after 1744ms
[debug] [2020-04-25T03:48:49.861Z] [
  {
    "config": {
      "public": "dist",
      "ignore": [
        "firebase.json",
        "**/.*",
        "**/node_modules/**"
      ],
      "rewrites": [
        {
          "source": "**",
          "destination": "/index.html"
        }
      ],
      "headers": [
        {
          "source": "**",
          "headers": [
            {
              "key": "X-Frame-Options",
              "value": "sameorigin"
            },
            {
              "key": "X-XSS-Protection",
              "value": "1; mode=block"
            },
            {
              "key": "X-Content-Type-Options",
              "value": "nosniff"
            },
            {
              "key": "Content-Security-Policy",
              "value": "default-src 'none'; script-src 'self' cdnjs.cloudflare.com www.googletagmanager.com www.google-analytics.com; style-src 'self'; img-src 'self' www.google-analytics.com; font-src 'none'; object-src 'none'; connect-src 'self' www.google-analytics.com; frame-ancestors 'none'; base-uri 'self';"
            },
            {
              "key": "Referrer-Policy",
              "value": "no-referrer-when-downgrade"
            },
            {
              "key": "Feature-Policy",
              "value": "camera 'none'; magnetometer 'none'; microphone 'none'; usb 'none'"
            }
          ]
        }
      ],
      "site": "invaders-eat-sleep-code-com"
    },
    "site": "invaders-eat-sleep-code-com",
    "version": "sites/invaders-eat-sleep-code-com/versions/d0db1e0bb8bf7b31"
  }
]
[info] i  hosting[invaders-eat-sleep-code-com]: finalizing version...
[debug] [2020-04-25T03:48:49.862Z] >>> HTTP REQUEST PATCH https://firebasehosting.googleapis.com/v1beta1/sites/invaders-eat-sleep-code-com/versions/d0db1e0bb8bf7b31?updateMask=status  
 {"status":"FINALIZED"}
[debug] [2020-04-25T03:48:50.364Z] <<< HTTP RESPONSE 200 {"content-type":"application/json; charset=UTF-8","vary":"X-Origin, Referer, Origin,Accept-Encoding","date":"Sat, 25 Apr 2020 03:48:50 GMT","server":"ESF","cache-control":"private","x-xss-protection":"0","x-frame-options":"SAMEORIGIN","x-content-type-options":"nosniff","alt-svc":"quic=\":443\"; ma=2592000; v=\"46,43\",h3-Q050=\":443\"; ma=2592000,h3-Q049=\":443\"; ma=2592000,h3-Q048=\":443\"; ma=2592000,h3-Q046=\":443\"; ma=2592000,h3-Q043=\":443\"; ma=2592000,h3-T050=\":443\"; ma=2592000","accept-ranges":"none","transfer-encoding":"chunked"}
[debug] [2020-04-25T03:48:50.365Z] [hosting] finalized version for invaders-eat-sleep-code-com: {"name":"sites/invaders-eat-sleep-code-com/versions/d0db1e0bb8bf7b31","status":"FINALIZED","config":{"headers":[{"headers":{"Feature-Policy":"camera 'none'; magnetometer 'none'; microphone 'none'; usb 'none'","X-Frame-Options":"sameorigin","X-XSS-Protection":"1; mode=block","X-Content-Type-Options":"nosniff","Content-Security-Policy":"default-src 'none'; script-src 'self' cdnjs.cloudflare.com www.googletagmanager.com www.google-analytics.com; style-src 'self'; img-src 'self' www.google-analytics.com; font-src 'none'; object-src 'none'; connect-src 'self' www.google-analytics.com; frame-ancestors 'none'; base-uri 'self';","Referrer-Policy":"no-referrer-when-downgrade"},"glob":"**"}],"rewrites":[{"glob":"**","path":"/index.html"}]},"labels":{"deployment-tool":"cli-firebase"},"createTime":"2020-04-25T03:48:47.796287Z","createUser":{"email":"jeffrey.edgett@gmail.com"},"finalizeTime":"2020-04-25T03:48:50.318541Z","finalizeUser":{"email":"jeffrey.edgett@gmail.com"}}
[info] ✔  hosting[invaders-eat-sleep-code-com]: version finalized
[info] i  hosting[invaders-eat-sleep-code-com]: releasing new version...
[debug] [2020-04-25T03:48:50.366Z] >>> HTTP REQUEST POST https://firebasehosting.googleapis.com/v1beta1/sites/invaders-eat-sleep-code-com/releases?version_name=sites/invaders-eat-sleep-code-com/versions/d0db1e0bb8bf7b31  
 {"message":null}
